mode: set
ecstaskchecker/main.go:54.40,57.2 2 0
ecstaskchecker/main.go:60.36,63.2 2 0
ecstaskchecker/main.go:66.134,86.16 3 0
ecstaskchecker/main.go:86.16,88.3 1 0
ecstaskchecker/main.go:88.8,90.3 1 0
ecstaskchecker/main.go:93.2,110.16 3 0
ecstaskchecker/main.go:110.16,112.3 1 0
ecstaskchecker/main.go:115.2,116.16 2 0
ecstaskchecker/main.go:116.16,118.3 1 0
ecstaskchecker/main.go:119.2,124.16 4 0
ecstaskchecker/main.go:124.16,126.3 1 0
ecstaskchecker/main.go:127.2,134.28 4 0
ecstaskchecker/main.go:134.28,136.3 1 0
ecstaskchecker/main.go:138.2,138.12 1 0
ecstaskchecker/main.go:146.98,153.16 3 0
ecstaskchecker/main.go:153.16,155.3 1 0
ecstaskchecker/main.go:158.2,158.32 1 0
ecstaskchecker/main.go:158.32,160.3 1 0
ecstaskchecker/main.go:163.2,165.16 3 0
ecstaskchecker/main.go:165.16,167.3 1 0
ecstaskchecker/main.go:170.2,172.13 3 0
ecstaskchecker/main.go:172.13,174.3 1 0
ecstaskchecker/main.go:176.2,176.19 1 0
ecstaskchecker/main.go:180.123,186.62 2 0
ecstaskchecker/main.go:186.62,188.3 1 0
ecstaskchecker/main.go:191.2,192.73 2 0
ecstaskchecker/main.go:192.73,194.3 1 0
ecstaskchecker/main.go:196.2,206.41 9 0
ecstaskchecker/main.go:206.41,208.3 1 0
ecstaskchecker/main.go:211.2,215.9 3 0
ecstaskchecker/main.go:216.20,217.79 1 0
ecstaskchecker/main.go:218.10,218.10 0 0
ecstaskchecker/main.go:222.2,240.16 3 0
ecstaskchecker/main.go:240.16,242.3 1 0
ecstaskchecker/main.go:242.8,244.3 1 0
ecstaskchecker/main.go:247.2,253.16 2 0
ecstaskchecker/main.go:253.16,255.3 1 0
ecstaskchecker/main.go:258.2,258.32 1 0
ecstaskchecker/main.go:258.32,261.3 2 0
ecstaskchecker/main.go:264.2,264.9 1 0
ecstaskchecker/main.go:265.20,266.83 1 0
ecstaskchecker/main.go:267.10,267.10 0 0
ecstaskchecker/main.go:271.2,275.16 2 0
ecstaskchecker/main.go:275.16,277.3 1 0
ecstaskchecker/main.go:279.2,280.34 2 0
ecstaskchecker/main.go:280.34,282.10 1 0
ecstaskchecker/main.go:283.21,284.75 1 0
ecstaskchecker/main.go:285.11,285.11 0 0
ecstaskchecker/main.go:288.3,300.27 6 0
ecstaskchecker/main.go:300.27,309.4 1 0
ecstaskchecker/main.go:312.2,312.21 1 0
ecstaskchecker/main.go:316.13,320.16 3 0
ecstaskchecker/main.go:320.16,323.3 2 0
ecstaskchecker/main.go:325.2,332.16 6 0
ecstaskchecker/main.go:332.16,335.3 2 0
ecstaskchecker/main.go:337.2,340.89 2 0
ecstaskchecker/main.go:340.89,342.3 1 0
